c:\users\iizerd\documents\github\boat\release\boatui.ipdb
c:\users\iizerd\documents\github\boat\release\boatui.iobj
c:\users\iizerd\documents\github\boat\boatui\release\vc142.pdb
c:\users\iizerd\documents\github\boat\boatui\release\render.obj
c:\users\iizerd\documents\github\boat\boatui\release\mainloop.obj
c:\users\iizerd\documents\github\boat\boatui\release\main.obj
c:\users\iizerd\documents\github\boat\boatui\release\surface.obj
c:\users\iizerd\documents\github\boat\boatui\release\pixel.obj
c:\users\iizerd\documents\github\boat\boatui\release\mouse.obj
c:\users\iizerd\documents\github\boat\boatui\release\keyboard.obj
c:\users\iizerd\documents\github\boat\boatui\release\graphics.obj
c:\users\iizerd\documents\github\boat\boatui\release\basicshapes.obj
c:\users\iizerd\documents\github\boat\boatui\release\textbox.obj
c:\users\iizerd\documents\github\boat\boatui\release\label.obj
c:\users\iizerd\documents\github\boat\boatui\release\font.obj
c:\users\iizerd\documents\github\boat\boatui\release\dropbox.obj
c:\users\iizerd\documents\github\boat\boatui\release\controls.obj
c:\users\iizerd\documents\github\boat\boatui\release\checkbox.obj
c:\users\iizerd\documents\github\boat\boatui\release\button.obj
c:\users\iizerd\documents\github\boat\release\boatui.exe
c:\users\iizerd\documents\github\boat\release\boatui.pdb
c:\users\iizerd\documents\github\boat\boatui\release\boatui.tlog\boatui.write.1u.tlog
c:\users\iizerd\documents\github\boat\boatui\release\boatui.tlog\cl.command.1.tlog
c:\users\iizerd\documents\github\boat\boatui\release\boatui.tlog\cl.read.1.tlog
c:\users\iizerd\documents\github\boat\boatui\release\boatui.tlog\cl.write.1.tlog
c:\users\iizerd\documents\github\boat\boatui\release\boatui.tlog\link.command.1.tlog
c:\users\iizerd\documents\github\boat\boatui\release\boatui.tlog\link.read.1.tlog
c:\users\iizerd\documents\github\boat\boatui\release\boatui.tlog\link.write.1.tlog
