  Button.cpp
  Checkbox.cpp
  Controls.cpp
  Dropbox.cpp
  Font.cpp
  Label.cpp
  Textbox.cpp
  BasicShapes.cpp
  Graphics.cpp
  Keyboard.cpp
  Mouse.cpp
  Surface.cpp
  MainLoop.cpp
  Render.cpp
  main.cpp
  Generating code
  15 of 531 functions ( 2.8%) were compiled, the rest were copied from previous compilation.
    10 functions were new in current compilation
    1 functions had inline decision re-evaluated but remain unchanged
  Finished generating code
  BoatUI.vcxproj -> C:\Users\Iizerd\Documents\GitHub\Boat\Release\BoatUI.exe
