c:\users\iizerd\documents\github\boat\release\boatclient.ipdb
c:\users\iizerd\documents\github\boat\release\boatclient.iobj
c:\users\iizerd\documents\github\boat\boat\release\vc142.pdb
c:\users\iizerd\documents\github\boat\boat\release\logger.obj
c:\users\iizerd\documents\github\boat\boat\release\hook.obj
c:\users\iizerd\documents\github\boat\boat\release\environment.obj
c:\users\iizerd\documents\github\boat\boat\release\main.obj
c:\users\iizerd\documents\github\boat\boat\release\packetmanager.obj
c:\users\iizerd\documents\github\boat\boat\release\packetdeep.obj
c:\users\iizerd\documents\github\boat\boat\release\socket.obj
c:\users\iizerd\documents\github\boat\boat\release\packetrouter.obj
c:\users\iizerd\documents\github\boat\release\boatclient.exe
c:\users\iizerd\documents\github\boat\release\boatclient.pdb
c:\users\iizerd\documents\github\boat\boat\release\boatclient.tlog\boatclient.write.1u.tlog
c:\users\iizerd\documents\github\boat\boat\release\boatclient.tlog\cl.command.1.tlog
c:\users\iizerd\documents\github\boat\boat\release\boatclient.tlog\cl.read.1.tlog
c:\users\iizerd\documents\github\boat\boat\release\boatclient.tlog\cl.write.1.tlog
c:\users\iizerd\documents\github\boat\boat\release\boatclient.tlog\link.command.1.tlog
c:\users\iizerd\documents\github\boat\boat\release\boatclient.tlog\link.delete.1.tlog
c:\users\iizerd\documents\github\boat\boat\release\boatclient.tlog\link.read.1.tlog
c:\users\iizerd\documents\github\boat\boat\release\boatclient.tlog\link.write.1.tlog
