  PacketDeep.cpp
C:\Users\Lizerd\Documents\GitHub\Boat\Boat\Connection\ThreadPool\ThreadPool.h(42): error C2039: 'HandlePacket': is not a member of 'Packet'
  C:\Users\Lizerd\Documents\GitHub\Boat\Boat\Connection\Packet\Packets.h(4): note: see declaration of 'Packet'
C:\Users\Lizerd\Documents\GitHub\Boat\Boat\Connection\ThreadPool\ThreadPool.h(42): error C3861: 'HandlePacket': identifier not found
  PacketManager.cpp
C:\Users\Lizerd\Documents\GitHub\Boat\Boat\Connection\ThreadPool\ThreadPool.h(42): error C2039: 'HandlePacket': is not a member of 'Packet'
  C:\Users\Lizerd\Documents\GitHub\Boat\Boat\Connection\Packet\Packets.h(4): note: see declaration of 'Packet'
C:\Users\Lizerd\Documents\GitHub\Boat\Boat\Connection\ThreadPool\ThreadPool.h(42): error C3861: 'HandlePacket': identifier not found
  PacketRouter.cpp
C:\Users\Lizerd\Documents\GitHub\Boat\Boat\Connection\ThreadPool\ThreadPool.h(42): error C2039: 'HandlePacket': is not a member of 'Packet'
  C:\Users\Lizerd\Documents\GitHub\Boat\Boat\Connection\Packet\Packets.h(4): note: see declaration of 'Packet'
C:\Users\Lizerd\Documents\GitHub\Boat\Boat\Connection\ThreadPool\ThreadPool.h(42): error C3861: 'HandlePacket': identifier not found
C:\Users\Lizerd\Documents\GitHub\Boat\Boat\Structures\NetworkData\object_data.h(10): error C3646: 'status': unknown override specifier
C:\Users\Lizerd\Documents\GitHub\Boat\Boat\Structures\NetworkData\object_data.h(10): error C4430: missing type specifier - int assumed. Note: C++ does not support default-int
C:\Users\Lizerd\Documents\GitHub\Boat\Boat\Structures\NetworkData\object_data.h(16): error C2039: 'status': is not a member of 'ObjectData'
  C:\Users\Lizerd\Documents\GitHub\Boat\Boat\Structures\NetworkData\object_data.h(6): note: see declaration of 'ObjectData'
C:\Users\Lizerd\Documents\GitHub\Boat\Boat\Structures\NetworkData\object_data.h(22): error C2039: 'status': is not a member of 'ObjectData'
  C:\Users\Lizerd\Documents\GitHub\Boat\Boat\Structures\NetworkData\object_data.h(6): note: see declaration of 'ObjectData'
C:\Users\Lizerd\Documents\GitHub\Boat\Boat\Structures\NetworkData\object_status_data.h(175): error C2039: 'status': is not a member of 'ObjectData'
  C:\Users\Lizerd\Documents\GitHub\Boat\Boat\Structures\NetworkData\object_data.h(6): note: see declaration of 'ObjectData'
  main.cpp
C:\Users\Lizerd\Documents\GitHub\Boat\Boat\Connection\ThreadPool\ThreadPool.h(42): error C2039: 'HandlePacket': is not a member of 'Packet'
  C:\Users\Lizerd\Documents\GitHub\Boat\Boat\Connection\Packet\Packets.h(4): note: see declaration of 'Packet'
C:\Users\Lizerd\Documents\GitHub\Boat\Boat\Connection\ThreadPool\ThreadPool.h(42): error C3861: 'HandlePacket': identifier not found
C:\Users\Lizerd\Documents\GitHub\Boat\Boat\main.cpp(7): warning C4244: 'argument': conversion from 'time_t' to 'unsigned int', possible loss of data
